2025-11-20 11:09:20.948 [info] [main] Log level: Info
2025-11-20 11:09:20.948 [info] [main] Validating found git in: "git"
2025-11-20 11:09:20.948 [info] [main] Using git "2.52.0" from "git"
2025-11-20 11:09:20.948 [info] [Model][doInitialScan] Initial repository scan started
2025-11-20 11:09:20.948 [info] > git rev-parse --show-toplevel [4ms]
2025-11-20 11:09:20.948 [info] fatal: not a git repository (or any parent up to mount point /)
Stopping at filesystem boundary (GIT_DISCOVERY_ACROSS_FILESYSTEM not set).
2025-11-20 11:09:20.948 [info] > git rev-parse --show-toplevel [2ms]
2025-11-20 11:09:20.948 [info] fatal: not a git repository (or any parent up to mount point /)
Stopping at filesystem boundary (GIT_DISCOVERY_ACROSS_FILESYSTEM not set).
2025-11-20 11:09:20.948 [info] [Model][doInitialScan] Initial repository scan completed - repositories (0), closed repositories (0), parent repositories (0), unsafe repositories (0)
2025-11-20 11:09:20.948 [info] > git rev-parse --show-toplevel [6ms]
2025-11-20 11:09:20.948 [info] fatal: not a git repository (or any parent up to mount point /)
Stopping at filesystem boundary (GIT_DISCOVERY_ACROSS_FILESYSTEM not set).
2025-11-20 11:09:21.049 [info] > git rev-parse --show-toplevel [30ms]
2025-11-20 11:09:21.049 [info] fatal: not a git repository (or any parent up to mount point /)
Stopping at filesystem boundary (GIT_DISCOVERY_ACROSS_FILESYSTEM not set).
2025-11-20 11:09:21.054 [info] > git rev-parse --show-toplevel [1ms]
2025-11-20 11:09:21.054 [info] fatal: not a git repository (or any parent up to mount point /)
Stopping at filesystem boundary (GIT_DISCOVERY_ACROSS_FILESYSTEM not set).
2025-11-20 11:09:21.307 [info] > git rev-parse --show-toplevel [2ms]
2025-11-20 11:09:21.307 [info] fatal: not a git repository (or any parent up to mount point /)
Stopping at filesystem boundary (GIT_DISCOVERY_ACROSS_FILESYSTEM not set).
2025-11-20 11:09:21.370 [info] > git rev-parse --show-toplevel [1ms]
2025-11-20 11:09:21.370 [info] fatal: not a git repository (or any parent up to mount point /)
Stopping at filesystem boundary (GIT_DISCOVERY_ACROSS_FILESYSTEM not set).
2025-11-20 11:09:21.801 [info] > git rev-parse --show-toplevel [2ms]
2025-11-20 11:09:21.801 [info] fatal: not a git repository (or any parent up to mount point /)
Stopping at filesystem boundary (GIT_DISCOVERY_ACROSS_FILESYSTEM not set).
2025-11-20 11:09:21.921 [info] > git rev-parse --show-toplevel [2ms]
2025-11-20 11:09:21.921 [info] fatal: not a git repository (or any parent up to mount point /)
Stopping at filesystem boundary (GIT_DISCOVERY_ACROSS_FILESYSTEM not set).
2025-11-20 11:13:13.043 [info] > git rev-parse --show-toplevel [2ms]
2025-11-20 11:13:13.043 [info] fatal: not a git repository (or any parent up to mount point /)
Stopping at filesystem boundary (GIT_DISCOVERY_ACROSS_FILESYSTEM not set).
2025-11-20 11:15:24.120 [info] > git rev-parse --show-toplevel [2ms]
2025-11-20 11:15:24.120 [info] fatal: not a git repository (or any parent up to mount point /)
Stopping at filesystem boundary (GIT_DISCOVERY_ACROSS_FILESYSTEM not set).
2025-11-20 11:15:50.547 [info] > git rev-parse --show-toplevel [2ms]
2025-11-20 11:15:50.547 [info] fatal: not a git repository (or any of the parent directories): .git
