2025-11-20 11:15:27.863 [info] [main] Log level: Info
2025-11-20 11:15:27.863 [info] [main] Validating found git in: "git"
2025-11-20 11:15:27.863 [info] [main] Using git "2.52.0" from "git"
2025-11-20 11:15:27.863 [info] [Model][doInitialScan] Initial repository scan started
2025-11-20 11:15:27.863 [info] > git rev-parse --show-toplevel [6ms]
2025-11-20 11:15:27.863 [info] fatal: not a git repository (or any of the parent directories): .git
2025-11-20 11:15:27.864 [warning] [Model][traverseWorkspaceFolder] Unable to read workspace folder '/etc/credstore': Error: EACCES: permission denied, scandir '/etc/credstore'
2025-11-20 11:15:27.864 [warning] [Model][traverseWorkspaceFolder] Unable to read workspace folder '/etc/credstore.encrypted': Error: EACCES: permission denied, scandir '/etc/credstore.encrypted'
2025-11-20 11:15:27.865 [warning] [Model][traverseWorkspaceFolder] Unable to read workspace folder '/etc/cryptsetup-keys.d': Error: EACCES: permission denied, scandir '/etc/cryptsetup-keys.d'
2025-11-20 11:15:27.869 [warning] [Model][traverseWorkspaceFolder] Unable to read workspace folder '/etc/sudoers.d': Error: EACCES: permission denied, scandir '/etc/sudoers.d'
2025-11-20 11:15:27.876 [info] > git rev-parse --show-toplevel [2ms]
2025-11-20 11:15:27.876 [info] fatal: not a git repository (or any of the parent directories): .git
2025-11-20 11:15:27.881 [info] > git rev-parse --show-toplevel [1ms]
2025-11-20 11:15:27.881 [info] fatal: not a git repository (or any of the parent directories): .git
2025-11-20 11:15:27.885 [info] > git rev-parse --show-toplevel [1ms]
2025-11-20 11:15:27.885 [info] fatal: not a git repository (or any of the parent directories): .git
2025-11-20 11:15:27.890 [info] > git rev-parse --show-toplevel [1ms]
2025-11-20 11:15:27.890 [info] fatal: not a git repository (or any of the parent directories): .git
2025-11-20 11:15:27.894 [info] > git rev-parse --show-toplevel [1ms]
2025-11-20 11:15:27.894 [info] fatal: not a git repository (or any of the parent directories): .git
2025-11-20 11:15:27.898 [info] > git rev-parse --show-toplevel [0ms]
2025-11-20 11:15:27.898 [info] fatal: not a git repository (or any of the parent directories): .git
2025-11-20 11:15:27.901 [info] > git rev-parse --show-toplevel [1ms]
2025-11-20 11:15:27.901 [info] fatal: not a git repository (or any of the parent directories): .git
2025-11-20 11:15:27.905 [info] > git rev-parse --show-toplevel [1ms]
2025-11-20 11:15:27.905 [info] fatal: not a git repository (or any of the parent directories): .git
2025-11-20 11:15:27.909 [info] > git rev-parse --show-toplevel [1ms]
2025-11-20 11:15:27.909 [info] fatal: not a git repository (or any of the parent directories): .git
2025-11-20 11:15:27.913 [info] > git rev-parse --show-toplevel [1ms]
2025-11-20 11:15:27.913 [info] fatal: not a git repository (or any of the parent directories): .git
2025-11-20 11:15:27.916 [info] > git rev-parse --show-toplevel [1ms]
2025-11-20 11:15:27.916 [info] fatal: not a git repository (or any of the parent directories): .git
2025-11-20 11:15:27.921 [info] > git rev-parse --show-toplevel [1ms]
2025-11-20 11:15:27.921 [info] fatal: not a git repository (or any of the parent directories): .git
2025-11-20 11:15:27.925 [info] > git rev-parse --show-toplevel [1ms]
2025-11-20 11:15:27.925 [info] fatal: not a git repository (or any of the parent directories): .git
2025-11-20 11:15:27.930 [info] > git rev-parse --show-toplevel [1ms]
2025-11-20 11:15:27.930 [info] fatal: not a git repository (or any of the parent directories): .git
2025-11-20 11:15:27.933 [info] > git rev-parse --show-toplevel [1ms]
2025-11-20 11:15:27.933 [info] fatal: not a git repository (or any of the parent directories): .git
2025-11-20 11:15:27.938 [info] > git rev-parse --show-toplevel [1ms]
2025-11-20 11:15:27.938 [info] fatal: not a git repository (or any of the parent directories): .git
2025-11-20 11:15:27.943 [info] > git rev-parse --show-toplevel [2ms]
2025-11-20 11:15:27.943 [info] fatal: not a git repository (or any of the parent directories): .git
2025-11-20 11:15:27.948 [info] > git rev-parse --show-toplevel [2ms]
2025-11-20 11:15:27.948 [info] fatal: not a git repository (or any of the parent directories): .git
2025-11-20 11:15:27.952 [info] > git rev-parse --show-toplevel [1ms]
2025-11-20 11:15:27.952 [info] fatal: not a git repository (or any of the parent directories): .git
2025-11-20 11:15:27.956 [info] > git rev-parse --show-toplevel [1ms]
2025-11-20 11:15:27.956 [info] fatal: not a git repository (or any of the parent directories): .git
2025-11-20 11:15:27.961 [info] > git rev-parse --show-toplevel [2ms]
2025-11-20 11:15:27.961 [info] fatal: not a git repository (or any of the parent directories): .git
2025-11-20 11:15:27.965 [info] > git rev-parse --show-toplevel [1ms]
2025-11-20 11:15:27.965 [info] fatal: not a git repository (or any of the parent directories): .git
2025-11-20 11:15:27.970 [info] > git rev-parse --show-toplevel [1ms]
2025-11-20 11:15:27.970 [info] fatal: not a git repository (or any of the parent directories): .git
2025-11-20 11:15:27.975 [info] > git rev-parse --show-toplevel [2ms]
2025-11-20 11:15:27.975 [info] fatal: not a git repository (or any of the parent directories): .git
2025-11-20 11:15:27.980 [info] > git rev-parse --show-toplevel [1ms]
2025-11-20 11:15:27.980 [info] fatal: not a git repository (or any of the parent directories): .git
2025-11-20 11:15:27.984 [info] > git rev-parse --show-toplevel [1ms]
2025-11-20 11:15:27.984 [info] fatal: not a git repository (or any of the parent directories): .git
2025-11-20 11:15:27.989 [info] > git rev-parse --show-toplevel [1ms]
2025-11-20 11:15:27.989 [info] fatal: not a git repository (or any of the parent directories): .git
2025-11-20 11:15:27.993 [info] > git rev-parse --show-toplevel [1ms]
2025-11-20 11:15:27.993 [info] fatal: not a git repository (or any of the parent directories): .git
2025-11-20 11:15:27.998 [info] > git rev-parse --show-toplevel [1ms]
2025-11-20 11:15:27.998 [info] fatal: not a git repository (or any of the parent directories): .git
2025-11-20 11:15:28.003 [info] > git rev-parse --show-toplevel [2ms]
2025-11-20 11:15:28.003 [info] fatal: not a git repository (or any of the parent directories): .git
2025-11-20 11:15:28.007 [info] > git rev-parse --show-toplevel [1ms]
2025-11-20 11:15:28.007 [info] fatal: not a git repository (or any of the parent directories): .git
2025-11-20 11:15:28.011 [info] > git rev-parse --show-toplevel [2ms]
2025-11-20 11:15:28.011 [info] fatal: not a git repository (or any of the parent directories): .git
2025-11-20 11:15:28.015 [info] > git rev-parse --show-toplevel [2ms]
2025-11-20 11:15:28.015 [info] fatal: not a git repository (or any of the parent directories): .git
2025-11-20 11:15:28.020 [info] > git rev-parse --show-toplevel [2ms]
2025-11-20 11:15:28.020 [info] fatal: not a git repository (or any of the parent directories): .git
2025-11-20 11:15:28.024 [info] > git rev-parse --show-toplevel [1ms]
2025-11-20 11:15:28.024 [info] fatal: not a git repository (or any of the parent directories): .git
2025-11-20 11:15:28.028 [info] > git rev-parse --show-toplevel [1ms]
2025-11-20 11:15:28.028 [info] fatal: not a git repository (or any of the parent directories): .git
2025-11-20 11:15:28.031 [info] > git rev-parse --show-toplevel [1ms]
2025-11-20 11:15:28.031 [info] fatal: not a git repository (or any of the parent directories): .git
2025-11-20 11:15:28.035 [info] > git rev-parse --show-toplevel [1ms]
2025-11-20 11:15:28.035 [info] fatal: not a git repository (or any of the parent directories): .git
2025-11-20 11:15:28.039 [info] > git rev-parse --show-toplevel [1ms]
2025-11-20 11:15:28.039 [info] fatal: not a git repository (or any of the parent directories): .git
2025-11-20 11:15:28.044 [info] > git rev-parse --show-toplevel [1ms]
2025-11-20 11:15:28.044 [info] fatal: not a git repository (or any of the parent directories): .git
2025-11-20 11:15:28.048 [info] > git rev-parse --show-toplevel [1ms]
2025-11-20 11:15:28.048 [info] fatal: not a git repository (or any of the parent directories): .git
2025-11-20 11:15:28.053 [info] > git rev-parse --show-toplevel [1ms]
2025-11-20 11:15:28.053 [info] fatal: not a git repository (or any of the parent directories): .git
2025-11-20 11:15:28.057 [info] > git rev-parse --show-toplevel [1ms]
2025-11-20 11:15:28.057 [info] fatal: not a git repository (or any of the parent directories): .git
2025-11-20 11:15:28.060 [info] > git rev-parse --show-toplevel [1ms]
2025-11-20 11:15:28.060 [info] fatal: not a git repository (or any of the parent directories): .git
2025-11-20 11:15:28.064 [info] > git rev-parse --show-toplevel [1ms]
2025-11-20 11:15:28.064 [info] fatal: not a git repository (or any of the parent directories): .git
2025-11-20 11:15:28.068 [info] > git rev-parse --show-toplevel [1ms]
2025-11-20 11:15:28.068 [info] fatal: not a git repository (or any of the parent directories): .git
2025-11-20 11:15:28.073 [info] > git rev-parse --show-toplevel [1ms]
2025-11-20 11:15:28.073 [info] fatal: not a git repository (or any of the parent directories): .git
2025-11-20 11:15:28.078 [info] > git rev-parse --show-toplevel [1ms]
2025-11-20 11:15:28.078 [info] fatal: not a git repository (or any of the parent directories): .git
2025-11-20 11:15:28.083 [info] > git rev-parse --show-toplevel [1ms]
2025-11-20 11:15:28.083 [info] fatal: not a git repository (or any of the parent directories): .git
2025-11-20 11:15:28.087 [info] > git rev-parse --show-toplevel [2ms]
2025-11-20 11:15:28.087 [info] fatal: not a git repository (or any of the parent directories): .git
2025-11-20 11:15:28.090 [info] > git rev-parse --show-toplevel [1ms]
2025-11-20 11:15:28.090 [info] fatal: not a git repository (or any of the parent directories): .git
2025-11-20 11:15:28.094 [info] > git rev-parse --show-toplevel [1ms]
2025-11-20 11:15:28.094 [info] fatal: not a git repository (or any of the parent directories): .git
2025-11-20 11:15:28.099 [info] > git rev-parse --show-toplevel [2ms]
2025-11-20 11:15:28.099 [info] fatal: not a git repository (or any of the parent directories): .git
2025-11-20 11:15:28.103 [info] > git rev-parse --show-toplevel [2ms]
2025-11-20 11:15:28.103 [info] fatal: not a git repository (or any of the parent directories): .git
2025-11-20 11:15:28.107 [info] > git rev-parse --show-toplevel [1ms]
2025-11-20 11:15:28.107 [info] fatal: not a git repository (or any of the parent directories): .git
2025-11-20 11:15:28.111 [info] > git rev-parse --show-toplevel [1ms]
2025-11-20 11:15:28.111 [info] fatal: not a git repository (or any of the parent directories): .git
2025-11-20 11:15:28.116 [info] > git rev-parse --show-toplevel [1ms]
2025-11-20 11:15:28.116 [info] fatal: not a git repository (or any of the parent directories): .git
2025-11-20 11:15:28.120 [info] > git rev-parse --show-toplevel [1ms]
2025-11-20 11:15:28.120 [info] fatal: not a git repository (or any of the parent directories): .git
2025-11-20 11:15:28.124 [info] > git rev-parse --show-toplevel [1ms]
2025-11-20 11:15:28.124 [info] fatal: not a git repository (or any of the parent directories): .git
2025-11-20 11:15:28.129 [info] > git rev-parse --show-toplevel [1ms]
2025-11-20 11:15:28.129 [info] fatal: not a git repository (or any of the parent directories): .git
2025-11-20 11:15:28.133 [info] > git rev-parse --show-toplevel [1ms]
2025-11-20 11:15:28.133 [info] fatal: not a git repository (or any of the parent directories): .git
2025-11-20 11:15:28.136 [info] > git rev-parse --show-toplevel [1ms]
2025-11-20 11:15:28.136 [info] fatal: not a git repository (or any of the parent directories): .git
2025-11-20 11:15:28.142 [info] > git rev-parse --show-toplevel [2ms]
2025-11-20 11:15:28.142 [info] fatal: not a git repository (or any of the parent directories): .git
2025-11-20 11:15:28.146 [info] > git rev-parse --show-toplevel [2ms]
2025-11-20 11:15:28.146 [info] fatal: not a git repository (or any of the parent directories): .git
2025-11-20 11:15:28.150 [info] > git rev-parse --show-toplevel [1ms]
2025-11-20 11:15:28.150 [info] fatal: not a git repository (or any of the parent directories): .git
2025-11-20 11:15:28.153 [info] > git rev-parse --show-toplevel [1ms]
2025-11-20 11:15:28.153 [info] fatal: not a git repository (or any of the parent directories): .git
2025-11-20 11:15:28.157 [info] > git rev-parse --show-toplevel [1ms]
2025-11-20 11:15:28.157 [info] fatal: not a git repository (or any of the parent directories): .git
2025-11-20 11:15:28.160 [info] > git rev-parse --show-toplevel [1ms]
2025-11-20 11:15:28.160 [info] fatal: not a git repository (or any of the parent directories): .git
2025-11-20 11:15:28.164 [info] > git rev-parse --show-toplevel [1ms]
2025-11-20 11:15:28.164 [info] fatal: not a git repository (or any of the parent directories): .git
2025-11-20 11:15:28.168 [info] > git rev-parse --show-toplevel [1ms]
2025-11-20 11:15:28.168 [info] fatal: not a git repository (or any of the parent directories): .git
2025-11-20 11:15:28.171 [info] [Model][doInitialScan] Initial repository scan completed - repositories (0), closed repositories (0), parent repositories (0), unsafe repositories (0)
