2025-11-20 10:52:55.458 [info] [main] Log level: Info
2025-11-20 10:52:55.459 [info] [main] Validating found git in: "git"
2025-11-20 10:52:55.459 [info] [main] Using git "2.52.0" from "git"
2025-11-20 10:52:55.459 [info] [Model][doInitialScan] Initial repository scan started
2025-11-20 10:52:55.459 [info] > git rev-parse --show-toplevel [7ms]
2025-11-20 10:52:55.459 [info] fatal: not a git repository (or any parent up to mount point /)
Stopping at filesystem boundary (GIT_DISCOVERY_ACROSS_FILESYSTEM not set).
2025-11-20 10:52:55.459 [info] > git rev-parse --show-toplevel [2ms]
2025-11-20 10:52:55.459 [info] fatal: not a git repository (or any parent up to mount point /)
Stopping at filesystem boundary (GIT_DISCOVERY_ACROSS_FILESYSTEM not set).
2025-11-20 10:52:55.459 [info] > git rev-parse --show-toplevel [2ms]
2025-11-20 10:52:55.459 [info] fatal: not a git repository (or any parent up to mount point /)
Stopping at filesystem boundary (GIT_DISCOVERY_ACROSS_FILESYSTEM not set).
2025-11-20 10:52:55.459 [info] > git rev-parse --show-toplevel [1ms]
2025-11-20 10:52:55.459 [info] fatal: not a git repository (or any parent up to mount point /)
Stopping at filesystem boundary (GIT_DISCOVERY_ACROSS_FILESYSTEM not set).
2025-11-20 10:52:55.459 [info] > git rev-parse --show-toplevel [4ms]
2025-11-20 10:52:55.459 [info] fatal: not a git repository (or any parent up to mount point /)
Stopping at filesystem boundary (GIT_DISCOVERY_ACROSS_FILESYSTEM not set).
2025-11-20 10:52:55.459 [info] > git rev-parse --show-toplevel [1ms]
2025-11-20 10:52:55.459 [info] fatal: not a git repository (or any parent up to mount point /)
Stopping at filesystem boundary (GIT_DISCOVERY_ACROSS_FILESYSTEM not set).
2025-11-20 10:52:55.459 [info] > git rev-parse --show-toplevel [2ms]
2025-11-20 10:52:55.459 [info] fatal: not a git repository (or any parent up to mount point /)
Stopping at filesystem boundary (GIT_DISCOVERY_ACROSS_FILESYSTEM not set).
2025-11-20 10:52:55.459 [info] > git rev-parse --show-toplevel [2ms]
2025-11-20 10:52:55.459 [info] fatal: not a git repository (or any parent up to mount point /)
Stopping at filesystem boundary (GIT_DISCOVERY_ACROSS_FILESYSTEM not set).
2025-11-20 10:52:55.459 [info] > git rev-parse --show-toplevel [1ms]
2025-11-20 10:52:55.459 [info] fatal: not a git repository (or any parent up to mount point /)
Stopping at filesystem boundary (GIT_DISCOVERY_ACROSS_FILESYSTEM not set).
2025-11-20 10:52:55.459 [info] > git rev-parse --show-toplevel [1ms]
2025-11-20 10:52:55.459 [info] fatal: not a git repository (or any parent up to mount point /)
Stopping at filesystem boundary (GIT_DISCOVERY_ACROSS_FILESYSTEM not set).
2025-11-20 10:52:55.459 [info] > git rev-parse --show-toplevel [1ms]
2025-11-20 10:52:55.459 [info] fatal: not a git repository (or any parent up to mount point /)
Stopping at filesystem boundary (GIT_DISCOVERY_ACROSS_FILESYSTEM not set).
2025-11-20 10:52:55.459 [info] > git rev-parse --show-toplevel [1ms]
2025-11-20 10:52:55.459 [info] fatal: not a git repository (or any parent up to mount point /)
Stopping at filesystem boundary (GIT_DISCOVERY_ACROSS_FILESYSTEM not set).
2025-11-20 10:52:55.459 [info] > git rev-parse --show-toplevel [1ms]
2025-11-20 10:52:55.459 [info] fatal: not a git repository (or any parent up to mount point /)
Stopping at filesystem boundary (GIT_DISCOVERY_ACROSS_FILESYSTEM not set).
2025-11-20 10:52:55.459 [info] > git rev-parse --show-toplevel [2ms]
2025-11-20 10:52:55.459 [info] fatal: not a git repository (or any parent up to mount point /)
Stopping at filesystem boundary (GIT_DISCOVERY_ACROSS_FILESYSTEM not set).
2025-11-20 10:52:55.459 [info] > git rev-parse --show-toplevel [1ms]
2025-11-20 10:52:55.459 [info] fatal: not a git repository (or any parent up to mount point /)
Stopping at filesystem boundary (GIT_DISCOVERY_ACROSS_FILESYSTEM not set).
2025-11-20 10:52:55.459 [info] [Model][doInitialScan] Initial repository scan completed - repositories (0), closed repositories (0), parent repositories (0), unsafe repositories (0)
2025-11-20 10:52:55.459 [info] > git rev-parse --show-toplevel [2ms]
2025-11-20 10:52:55.459 [info] fatal: not a git repository (or any parent up to mount point /)
Stopping at filesystem boundary (GIT_DISCOVERY_ACROSS_FILESYSTEM not set).
2025-11-20 10:52:55.459 [info] > git rev-parse --show-toplevel [2ms]
2025-11-20 10:52:55.459 [info] fatal: not a git repository (or any parent up to mount point /)
Stopping at filesystem boundary (GIT_DISCOVERY_ACROSS_FILESYSTEM not set).
2025-11-20 10:52:56.095 [info] > git rev-parse --show-toplevel [1ms]
2025-11-20 10:52:56.096 [info] fatal: not a git repository (or any parent up to mount point /)
Stopping at filesystem boundary (GIT_DISCOVERY_ACROSS_FILESYSTEM not set).
2025-11-20 10:52:57.195 [info] > git rev-parse --show-toplevel [3ms]
2025-11-20 10:52:57.195 [info] fatal: not a git repository (or any parent up to mount point /)
Stopping at filesystem boundary (GIT_DISCOVERY_ACROSS_FILESYSTEM not set).
2025-11-20 10:53:06.448 [info] > git rev-parse --show-toplevel [2ms]
2025-11-20 10:53:06.448 [info] fatal: not a git repository (or any parent up to mount point /)
Stopping at filesystem boundary (GIT_DISCOVERY_ACROSS_FILESYSTEM not set).
2025-11-20 10:53:20.352 [info] > git rev-parse --show-toplevel [2ms]
2025-11-20 10:53:20.352 [info] fatal: not a git repository (or any parent up to mount point /)
Stopping at filesystem boundary (GIT_DISCOVERY_ACROSS_FILESYSTEM not set).
2025-11-20 10:53:20.835 [info] > git rev-parse --show-toplevel [2ms]
2025-11-20 10:53:20.835 [info] fatal: not a git repository (or any parent up to mount point /)
Stopping at filesystem boundary (GIT_DISCOVERY_ACROSS_FILESYSTEM not set).
2025-11-20 10:53:27.175 [info] > git rev-parse --show-toplevel [1ms]
2025-11-20 10:53:27.175 [info] fatal: not a git repository (or any parent up to mount point /)
Stopping at filesystem boundary (GIT_DISCOVERY_ACROSS_FILESYSTEM not set).
2025-11-20 10:53:29.049 [info] > git rev-parse --show-toplevel [2ms]
2025-11-20 10:53:29.049 [info] fatal: not a git repository (or any parent up to mount point /)
Stopping at filesystem boundary (GIT_DISCOVERY_ACROSS_FILESYSTEM not set).
2025-11-20 10:54:04.000 [info] > git rev-parse --show-toplevel [1ms]
2025-11-20 10:54:04.000 [info] fatal: not a git repository (or any parent up to mount point /)
Stopping at filesystem boundary (GIT_DISCOVERY_ACROSS_FILESYSTEM not set).
2025-11-20 10:54:52.586 [info] > git rev-parse --show-toplevel [2ms]
2025-11-20 10:54:52.586 [info] fatal: not a git repository (or any parent up to mount point /)
Stopping at filesystem boundary (GIT_DISCOVERY_ACROSS_FILESYSTEM not set).
2025-11-20 10:54:58.595 [info] > git rev-parse --show-toplevel [2ms]
2025-11-20 10:54:58.595 [info] fatal: not a git repository (or any parent up to mount point /)
Stopping at filesystem boundary (GIT_DISCOVERY_ACROSS_FILESYSTEM not set).
2025-11-20 10:55:04.771 [info] > git rev-parse --show-toplevel [2ms]
2025-11-20 10:55:04.772 [info] fatal: not a git repository (or any parent up to mount point /)
Stopping at filesystem boundary (GIT_DISCOVERY_ACROSS_FILESYSTEM not set).
2025-11-20 10:55:05.244 [info] > git rev-parse --show-toplevel [1ms]
2025-11-20 10:55:05.244 [info] fatal: not a git repository (or any parent up to mount point /)
Stopping at filesystem boundary (GIT_DISCOVERY_ACROSS_FILESYSTEM not set).
2025-11-20 10:55:05.782 [info] > git rev-parse --show-toplevel [2ms]
2025-11-20 10:55:05.782 [info] fatal: not a git repository (or any parent up to mount point /)
Stopping at filesystem boundary (GIT_DISCOVERY_ACROSS_FILESYSTEM not set).
2025-11-20 10:55:09.433 [info] > git rev-parse --show-toplevel [2ms]
2025-11-20 10:55:09.433 [info] fatal: not a git repository (or any parent up to mount point /)
Stopping at filesystem boundary (GIT_DISCOVERY_ACROSS_FILESYSTEM not set).
2025-11-20 10:55:24.009 [info] > git rev-parse --show-toplevel [2ms]
2025-11-20 10:55:24.010 [info] fatal: not a git repository (or any parent up to mount point /)
Stopping at filesystem boundary (GIT_DISCOVERY_ACROSS_FILESYSTEM not set).
2025-11-20 10:55:25.423 [info] > git rev-parse --show-toplevel [1ms]
2025-11-20 10:55:25.423 [info] fatal: not a git repository (or any parent up to mount point /)
Stopping at filesystem boundary (GIT_DISCOVERY_ACROSS_FILESYSTEM not set).
2025-11-20 10:55:26.254 [info] > git rev-parse --show-toplevel [2ms]
2025-11-20 10:55:26.254 [info] fatal: not a git repository (or any parent up to mount point /)
Stopping at filesystem boundary (GIT_DISCOVERY_ACROSS_FILESYSTEM not set).
2025-11-20 10:55:29.477 [info] > git rev-parse --show-toplevel [1ms]
2025-11-20 10:55:29.477 [info] fatal: not a git repository (or any parent up to mount point /)
Stopping at filesystem boundary (GIT_DISCOVERY_ACROSS_FILESYSTEM not set).
2025-11-20 10:55:29.887 [info] > git rev-parse --show-toplevel [2ms]
2025-11-20 10:55:29.887 [info] fatal: not a git repository (or any parent up to mount point /)
Stopping at filesystem boundary (GIT_DISCOVERY_ACROSS_FILESYSTEM not set).
2025-11-20 10:55:32.523 [info] > git rev-parse --show-toplevel [3ms]
2025-11-20 10:55:32.523 [info] fatal: not a git repository (or any parent up to mount point /)
Stopping at filesystem boundary (GIT_DISCOVERY_ACROSS_FILESYSTEM not set).
2025-11-20 10:55:33.644 [info] > git rev-parse --show-toplevel [2ms]
2025-11-20 10:55:33.644 [info] fatal: not a git repository (or any parent up to mount point /)
Stopping at filesystem boundary (GIT_DISCOVERY_ACROSS_FILESYSTEM not set).
