[2025-Nov-18 21:39:28.085 -03:00][ 2728: 2728][info ] Logging initialized
[2025-Nov-18 21:39:28.085 -03:00][ 2728: 2728][info ] Initializing krisp SDK...
[2025-Nov-18 21:39:28.085 -03:00][ 2728: 2728][info ] DoKrispInitialize
[2025-Nov-18 21:39:28.550 -03:00][ 2728: 2728][info ] LoadDynamicKrisp
[2025-Nov-18 21:39:28.550 -03:00][ 2728: 2728][info ] Did not find KRISP_DYLIB_PATH, skipping dynamic loading
[2025-Nov-18 21:39:28.550 -03:00][ 2728: 2728][info ] Initializing Krisp SDK in PID 2728, addr 0x7f5bbcc0cf90
[2025-Nov-18 21:39:28.550 -03:00][ 2728: 2728][info ] Initialized Krisp SDK successfully
[2025-Nov-18 21:39:28.550 -03:00][ 2728: 2728][info ] Krisp SDK initialized
[2025-Nov-18 21:53:32.088 -03:00][ 1487: 1487][info ] Logging initialized
[2025-Nov-18 21:53:32.088 -03:00][ 1487: 1487][info ] Initializing krisp SDK...
[2025-Nov-18 21:53:32.088 -03:00][ 1487: 1487][info ] DoKrispInitialize
[2025-Nov-18 21:53:32.543 -03:00][ 1487: 1487][info ] LoadDynamicKrisp
[2025-Nov-18 21:53:32.543 -03:00][ 1487: 1487][info ] Did not find KRISP_DYLIB_PATH, skipping dynamic loading
[2025-Nov-18 21:53:32.543 -03:00][ 1487: 1487][info ] Initializing Krisp SDK in PID 1487, addr 0x7f16c8e3cf90
[2025-Nov-18 21:53:32.543 -03:00][ 1487: 1487][info ] Initialized Krisp SDK successfully
[2025-Nov-18 21:53:32.543 -03:00][ 1487: 1487][info ] Krisp SDK initialized
[2025-Nov-18 21:56:17.729 -03:00][ 1487: 1516][info ] KrispNCSetup: sampleRate = 8000, duration = 10
[2025-Nov-18 21:56:17.729 -03:00][ 1487: 1516][info ] Setting Krisp model: small_NC_8k
[2025-Nov-18 21:56:17.819 -03:00][ 1487: 1516][info ] KrispNCReset
[2025-Nov-18 21:56:17.820 -03:00][ 1487: 1516][info ] KrispNCSetup: sampleRate = 48000, duration = 10
[2025-Nov-18 21:56:17.820 -03:00][ 1487: 1516][info ] Setting Krisp model: full_NC
[2025-Nov-18 21:56:19.809 -03:00][ 1487: 1516][info ] KrispNCReset
[2025-Nov-18 21:56:19.809 -03:00][ 1487: 1516][info ] KrispNCSetup: sampleRate = 8000, duration = 10
[2025-Nov-18 21:56:19.809 -03:00][ 1487: 1516][info ] Setting Krisp model: small_NC_8k
[2025-Nov-18 21:56:24.086 -03:00][ 1487: 1516][info ] KrispNCReset
[2025-Nov-18 21:56:24.086 -03:00][ 1487: 1516][info ] KrispNCSetup: sampleRate = 48000, duration = 10
[2025-Nov-18 21:56:24.086 -03:00][ 1487: 1516][info ] Setting Krisp model: full_NC
[2025-Nov-18 21:57:17.547 -03:00][ 1487: 1516][info ] KrispNCReset
[2025-Nov-18 21:57:17.547 -03:00][ 1487: 1516][info ] KrispNCSetup: sampleRate = 8000, duration = 10
[2025-Nov-18 21:57:17.547 -03:00][ 1487: 1516][info ] Setting Krisp model: small_NC_8k
[2025-Nov-18 21:57:17.605 -03:00][ 1487: 1516][info ] KrispNCReset
[2025-Nov-18 21:57:17.605 -03:00][ 1487: 1516][info ] KrispNCSetup: sampleRate = 48000, duration = 10
[2025-Nov-18 21:57:17.605 -03:00][ 1487: 1516][info ] Setting Krisp model: full_NC
[2025-Nov-18 21:57:23.525 -03:00][ 1487: 1516][info ] KrispVADSetup: sampleRate = 48000, duration = 10
[2025-Nov-19 10:39:44.536 -03:00][ 1487: 1509][info ] KrispVADReset
[2025-Nov-19 13:04:19.860 -03:00][35436:35436][info ] Logging initialized
[2025-Nov-19 13:04:19.860 -03:00][35436:35436][info ] Initializing krisp SDK...
[2025-Nov-19 13:04:19.860 -03:00][35436:35436][info ] DoKrispInitialize
[2025-Nov-19 13:04:20.304 -03:00][35436:35436][info ] LoadDynamicKrisp
[2025-Nov-19 13:04:20.304 -03:00][35436:35436][info ] Did not find KRISP_DYLIB_PATH, skipping dynamic loading
[2025-Nov-19 13:04:20.304 -03:00][35436:35436][info ] Initializing Krisp SDK in PID 35436, addr 0x7f669af3cf90
[2025-Nov-19 13:04:20.305 -03:00][35436:35436][info ] Initialized Krisp SDK successfully
[2025-Nov-19 13:04:20.305 -03:00][35436:35436][info ] Krisp SDK initialized
[2025-Nov-19 13:04:22.900 -03:00][35436:35436][info ] Logging initialized
[2025-Nov-19 13:04:22.900 -03:00][35436:35436][info ] Initializing krisp SDK...
[2025-Nov-19 13:04:22.900 -03:00][35436:35436][info ] Krisp SDK initialized
[2025-Nov-19 13:24:24.436 -03:00][35436:35587][info ] KrispNCSetup: sampleRate = 48000, duration = 10
[2025-Nov-19 13:24:24.436 -03:00][35436:35587][info ] Setting Krisp model: full_NC
[2025-Nov-19 13:24:24.541 -03:00][35436:35587][info ] KrispVADSetup: sampleRate = 48000, duration = 10
[2025-Nov-19 14:15:00.662 -03:00][35436:35573][info ] KrispVADReset
[2025-Nov-19 19:01:13.584 -03:00][ 4976: 4976][info ] Logging initialized
[2025-Nov-19 19:01:13.584 -03:00][ 4976: 4976][info ] Initializing krisp SDK...
[2025-Nov-19 19:01:13.584 -03:00][ 4976: 4976][info ] DoKrispInitialize
[2025-Nov-19 19:01:14.038 -03:00][ 4976: 4976][info ] LoadDynamicKrisp
[2025-Nov-19 19:01:14.038 -03:00][ 4976: 4976][info ] Did not find KRISP_DYLIB_PATH, skipping dynamic loading
[2025-Nov-19 19:01:14.038 -03:00][ 4976: 4976][info ] Initializing Krisp SDK in PID 4976, addr 0x7fcf2cb3cf90
[2025-Nov-19 19:01:14.038 -03:00][ 4976: 4976][info ] Initialized Krisp SDK successfully
[2025-Nov-19 19:01:14.038 -03:00][ 4976: 4976][info ] Krisp SDK initialized
[2025-Nov-19 19:01:29.462 -03:00][ 4976: 5010][info ] KrispNCSetup: sampleRate = 48000, duration = 10
[2025-Nov-19 19:01:29.462 -03:00][ 4976: 5010][info ] Setting Krisp model: full_NC
[2025-Nov-19 19:01:36.523 -03:00][ 4976: 5010][info ] KrispNCReset
[2025-Nov-19 19:01:36.523 -03:00][ 4976: 5010][info ] KrispNCSetup: sampleRate = 8000, duration = 10
[2025-Nov-19 19:01:36.523 -03:00][ 4976: 5010][info ] Setting Krisp model: small_NC_8k
[2025-Nov-19 19:01:42.891 -03:00][ 4976: 5010][info ] KrispNCReset
[2025-Nov-19 19:01:42.891 -03:00][ 4976: 5010][info ] KrispNCSetup: sampleRate = 48000, duration = 10
[2025-Nov-19 19:01:42.891 -03:00][ 4976: 5010][info ] Setting Krisp model: full_NC
[2025-Nov-19 19:27:09.007 -03:00][ 4677: 4677][info ] Logging initialized
[2025-Nov-19 19:27:09.007 -03:00][ 4677: 4677][info ] Initializing krisp SDK...
[2025-Nov-19 19:27:09.007 -03:00][ 4677: 4677][info ] DoKrispInitialize
[2025-Nov-19 19:27:09.457 -03:00][ 4677: 4677][info ] LoadDynamicKrisp
[2025-Nov-19 19:27:09.457 -03:00][ 4677: 4677][info ] Did not find KRISP_DYLIB_PATH, skipping dynamic loading
[2025-Nov-19 19:27:09.457 -03:00][ 4677: 4677][info ] Initializing Krisp SDK in PID 4677, addr 0x7f62e9d3cf90
[2025-Nov-19 19:27:09.458 -03:00][ 4677: 4677][info ] Initialized Krisp SDK successfully
[2025-Nov-19 19:27:09.458 -03:00][ 4677: 4677][info ] Krisp SDK initialized
[2025-Nov-19 20:07:09.424 -03:00][13103:13103][info ] Logging initialized
[2025-Nov-19 20:07:09.424 -03:00][13103:13103][info ] Initializing krisp SDK...
[2025-Nov-19 20:07:09.424 -03:00][13103:13103][info ] DoKrispInitialize
[2025-Nov-19 20:07:09.862 -03:00][13103:13103][info ] LoadDynamicKrisp
[2025-Nov-19 20:07:09.862 -03:00][13103:13103][info ] Did not find KRISP_DYLIB_PATH, skipping dynamic loading
[2025-Nov-19 20:07:09.862 -03:00][13103:13103][info ] Initializing Krisp SDK in PID 13103, addr 0x7efdbdd3cf90
[2025-Nov-19 20:07:09.862 -03:00][13103:13103][info ] Initialized Krisp SDK successfully
[2025-Nov-19 20:07:09.862 -03:00][13103:13103][info ] Krisp SDK initialized
[2025-Nov-19 20:21:01.506 -03:00][15792:15792][info ] Logging initialized
[2025-Nov-19 20:21:01.506 -03:00][15792:15792][info ] Initializing krisp SDK...
[2025-Nov-19 20:21:01.506 -03:00][15792:15792][info ] DoKrispInitialize
[2025-Nov-19 20:21:01.949 -03:00][15792:15792][info ] LoadDynamicKrisp
[2025-Nov-19 20:21:01.949 -03:00][15792:15792][info ] Did not find KRISP_DYLIB_PATH, skipping dynamic loading
[2025-Nov-19 20:21:01.949 -03:00][15792:15792][info ] Initializing Krisp SDK in PID 15792, addr 0x7f7bbb13cf90
[2025-Nov-19 20:21:01.949 -03:00][15792:15792][info ] Initialized Krisp SDK successfully
[2025-Nov-19 20:21:01.949 -03:00][15792:15792][info ] Krisp SDK initialized
[2025-Nov-19 20:21:12.075 -03:00][15792:15832][info ] KrispNCSetup: sampleRate = 48000, duration = 10
[2025-Nov-19 20:21:12.075 -03:00][15792:15832][info ] Setting Krisp model: full_NC
[2025-Nov-19 20:21:20.655 -03:00][15792:15832][info ] KrispVADSetup: sampleRate = 48000, duration = 10
[2025-Nov-19 20:21:28.881 -03:00][15792:15820][info ] KrispVADReset
[2025-Nov-19 20:21:30.089 -03:00][15792:15832][info ] KrispVADSetup: sampleRate = 48000, duration = 10
[2025-Nov-19 20:22:29.754 -03:00][15792:15832][info ] KrispVADSetup: sampleRate = 48000, duration = 10
[2025-Nov-19 20:22:35.471 -03:00][15792:15820][info ] KrispVADReset
[2025-Nov-19 20:32:05.554 -03:00][ 2390: 2390][info ] Logging initialized
[2025-Nov-19 20:32:05.554 -03:00][ 2390: 2390][info ] Initializing krisp SDK...
[2025-Nov-19 20:32:05.554 -03:00][ 2390: 2390][info ] DoKrispInitialize
[2025-Nov-19 20:32:06.011 -03:00][ 2390: 2390][info ] LoadDynamicKrisp
[2025-Nov-19 20:32:06.011 -03:00][ 2390: 2390][info ] Did not find KRISP_DYLIB_PATH, skipping dynamic loading
[2025-Nov-19 20:32:06.011 -03:00][ 2390: 2390][info ] Initializing Krisp SDK in PID 2390, addr 0x7fc26c03cf90
[2025-Nov-19 20:32:06.012 -03:00][ 2390: 2390][info ] Initialized Krisp SDK successfully
[2025-Nov-19 20:32:06.012 -03:00][ 2390: 2390][info ] Krisp SDK initialized
[2025-Nov-19 20:32:26.051 -03:00][ 2390: 2428][info ] KrispNCSetup: sampleRate = 48000, duration = 10
[2025-Nov-19 20:32:26.051 -03:00][ 2390: 2428][info ] Setting Krisp model: full_NC
[2025-Nov-19 20:32:26.117 -03:00][ 2390: 2428][info ] KrispVADSetup: sampleRate = 48000, duration = 10
[2025-Nov-19 20:32:36.702 -03:00][ 2390: 2428][info ] KrispVADSetup: sampleRate = 48000, duration = 10
[2025-Nov-19 20:32:37.465 -03:00][ 2390: 2416][info ] KrispVADReset
[2025-Nov-19 20:32:37.480 -03:00][ 2390: 2428][info ] KrispVADSetup: sampleRate = 48000, duration = 10
[2025-Nov-19 20:32:52.736 -03:00][ 2390: 2416][info ] KrispVADReset
[2025-Nov-19 20:32:52.738 -03:00][ 2390: 2428][info ] KrispVADSetup: sampleRate = 48000, duration = 10
[2025-Nov-19 20:33:49.948 -03:00][ 2390: 2416][info ] KrispVADReset
[2025-Nov-19 20:33:49.951 -03:00][ 2390: 2428][info ] KrispVADSetup: sampleRate = 48000, duration = 10
[2025-Nov-19 20:34:25.724 -03:00][ 2390: 2416][info ] KrispVADReset
[2025-Nov-19 20:34:25.737 -03:00][ 2390: 2428][info ] KrispVADSetup: sampleRate = 48000, duration = 10
[2025-Nov-19 20:34:27.401 -03:00][ 2390: 2416][info ] KrispVADReset
[2025-Nov-19 20:34:27.414 -03:00][ 2390: 2428][info ] KrispVADSetup: sampleRate = 48000, duration = 10
[2025-Nov-19 20:34:46.932 -03:00][ 2390: 2416][info ] KrispVADReset
[2025-Nov-19 20:34:46.956 -03:00][ 2390: 2428][info ] KrispVADSetup: sampleRate = 48000, duration = 10
[2025-Nov-19 20:35:21.423 -03:00][ 2390: 2416][info ] KrispVADReset
[2025-Nov-19 20:35:21.424 -03:00][ 2390: 2428][info ] KrispVADSetup: sampleRate = 48000, duration = 10
[2025-Nov-19 20:35:26.556 -03:00][ 2390: 2416][info ] KrispVADReset
[2025-Nov-19 20:35:26.584 -03:00][ 2390: 2428][info ] KrispVADSetup: sampleRate = 48000, duration = 10
[2025-Nov-19 20:35:39.864 -03:00][ 2390: 2416][info ] KrispVADReset
[2025-Nov-19 20:35:39.869 -03:00][ 2390: 2428][info ] KrispVADSetup: sampleRate = 48000, duration = 10
[2025-Nov-19 20:35:42.408 -03:00][ 2390: 2416][info ] KrispVADReset
[2025-Nov-19 20:35:42.426 -03:00][ 2390: 2428][info ] KrispVADSetup: sampleRate = 48000, duration = 10
[2025-Nov-19 20:35:42.453 -03:00][ 2390: 2416][info ] KrispVADReset
[2025-Nov-19 20:36:32.068 -03:00][ 2390: 2428][info ] KrispVADSetup: sampleRate = 48000, duration = 10
[2025-Nov-19 20:36:33.914 -03:00][ 2390: 2416][info ] KrispVADReset
[2025-Nov-19 20:36:33.930 -03:00][ 2390: 2428][info ] KrispVADSetup: sampleRate = 48000, duration = 10
[2025-Nov-19 20:36:36.454 -03:00][ 2390: 2416][info ] KrispVADReset
[2025-Nov-19 20:36:36.479 -03:00][ 2390: 2428][info ] KrispVADSetup: sampleRate = 48000, duration = 10
[2025-Nov-19 20:36:37.903 -03:00][ 2390: 2416][info ] KrispVADReset
[2025-Nov-20 02:58:55.003 -03:00][ 2390: 2416][info ] KrispVADReset
