2025-11-20 11:20:51.245 [info] [main] Log level: Info
2025-11-20 11:20:51.245 [info] [main] Validating found git in: "git"
2025-11-20 11:20:51.245 [info] [main] Using git "2.52.0" from "git"
2025-11-20 11:20:51.245 [info] [Model][doInitialScan] Initial repository scan started
2025-11-20 11:20:51.245 [info] > git rev-parse --show-toplevel [103ms]
2025-11-20 11:20:51.245 [info] fatal: not a git repository (or any parent up to mount point /)
Stopping at filesystem boundary (GIT_DISCOVERY_ACROSS_FILESYSTEM not set).
2025-11-20 11:20:51.245 [info] > git rev-parse --show-toplevel [36ms]
2025-11-20 11:20:51.245 [info] fatal: not a git repository (or any of the parent directories): .git
2025-11-20 11:20:51.245 [info] [Model][doInitialScan] Initial repository scan completed - repositories (0), closed repositories (0), parent repositories (0), unsafe repositories (0)
2025-11-20 11:20:51.245 [info] > git rev-parse --show-toplevel [32ms]
2025-11-20 11:20:51.245 [info] fatal: not a git repository (or any parent up to mount point /)
Stopping at filesystem boundary (GIT_DISCOVERY_ACROSS_FILESYSTEM not set).
2025-11-20 11:20:51.246 [info] > git rev-parse --show-toplevel [2ms]
2025-11-20 11:20:51.246 [info] fatal: not a git repository (or any parent up to mount point /)
Stopping at filesystem boundary (GIT_DISCOVERY_ACROSS_FILESYSTEM not set).
2025-11-20 11:20:51.251 [info] > git rev-parse --show-toplevel [1ms]
2025-11-20 11:20:51.251 [info] fatal: not a git repository (or any parent up to mount point /)
Stopping at filesystem boundary (GIT_DISCOVERY_ACROSS_FILESYSTEM not set).
2025-11-20 11:20:51.391 [info] > git rev-parse --show-toplevel [2ms]
2025-11-20 11:20:51.391 [info] fatal: not a git repository (or any parent up to mount point /)
Stopping at filesystem boundary (GIT_DISCOVERY_ACROSS_FILESYSTEM not set).
2025-11-20 11:20:51.438 [info] > git rev-parse --show-toplevel [2ms]
2025-11-20 11:20:51.438 [info] fatal: not a git repository (or any parent up to mount point /)
Stopping at filesystem boundary (GIT_DISCOVERY_ACROSS_FILESYSTEM not set).
2025-11-20 11:20:51.537 [info] > git rev-parse --show-toplevel [2ms]
2025-11-20 11:20:51.537 [info] fatal: not a git repository (or any parent up to mount point /)
Stopping at filesystem boundary (GIT_DISCOVERY_ACROSS_FILESYSTEM not set).
2025-11-20 11:20:52.369 [info] > git rev-parse --show-toplevel [2ms]
2025-11-20 11:20:52.369 [info] fatal: not a git repository (or any parent up to mount point /)
Stopping at filesystem boundary (GIT_DISCOVERY_ACROSS_FILESYSTEM not set).
2025-11-20 11:21:00.944 [info] > git rev-parse --show-toplevel [2ms]
2025-11-20 11:21:00.944 [info] fatal: not a git repository (or any parent up to mount point /)
Stopping at filesystem boundary (GIT_DISCOVERY_ACROSS_FILESYSTEM not set).
2025-11-20 11:21:20.984 [info] > git rev-parse --show-toplevel [2ms]
2025-11-20 11:21:20.984 [info] fatal: not a git repository (or any parent up to mount point /)
Stopping at filesystem boundary (GIT_DISCOVERY_ACROSS_FILESYSTEM not set).
2025-11-20 11:21:40.835 [info] > git rev-parse --show-toplevel [1ms]
2025-11-20 11:21:40.835 [info] fatal: not a git repository (or any parent up to mount point /)
Stopping at filesystem boundary (GIT_DISCOVERY_ACROSS_FILESYSTEM not set).
