2025-11-20 11:29:31.127 [info] [main] Log level: Info
2025-11-20 11:29:31.127 [info] [main] Validating found git in: "git"
2025-11-20 11:29:31.127 [info] [main] Using git "2.52.0" from "git"
2025-11-20 11:29:31.127 [info] [Model][doInitialScan] Initial repository scan started
2025-11-20 11:29:31.127 [info] > git rev-parse --show-toplevel [3ms]
2025-11-20 11:29:31.127 [info] > git rev-parse --git-dir --git-common-dir --show-superproject-working-tree [6ms]
2025-11-20 11:29:31.127 [info] [Model][openRepository] Opened repository (path): /home/atno/repositories/atno11/auto-setup
2025-11-20 11:29:31.127 [info] [Model][openRepository] Opened repository (real path): /home/atno/repositories/atno11/auto-setup
2025-11-20 11:29:31.127 [info] [Model][openRepository] Opened repository (kind): repository
2025-11-20 11:29:31.127 [info] [Model][doInitialScan] Initial repository scan completed - repositories (1), closed repositories (0), parent repositories (0), unsafe repositories (0)
2025-11-20 11:29:31.127 [info] > git config --get commit.template [9ms]
2025-11-20 11:29:31.127 [info] > git for-each-ref --format=%(refname)%00%(upstream:short)%00%(objectname)%00%(upstream:track)%00%(upstream:remotename)%00%(upstream:remoteref) refs/heads/main refs/remotes/main [3ms]
2025-11-20 11:29:31.127 [info] > git status -z -uall [5ms]
2025-11-20 11:29:31.127 [info] > git for-each-ref --sort -committerdate --format %(refname)%00%(objectname)%00%(*objectname) [4ms]
2025-11-20 11:29:31.127 [info] > git for-each-ref --format=%(refname)%00%(upstream:short)%00%(objectname)%00%(upstream:track)%00%(upstream:remotename)%00%(upstream:remoteref) refs/heads/main refs/remotes/main [37ms]
2025-11-20 11:29:31.128 [info] > git config --get commit.template [6ms]
2025-11-20 11:29:31.128 [info] > git config --get --local branch.main.vscode-merge-base [11ms]
2025-11-20 11:29:31.128 [warning] [Git][config] git config failed: Failed to execute git
2025-11-20 11:29:31.137 [info] > git reflog main --grep-reflog=branch: Created from *. [6ms]
2025-11-20 11:29:31.141 [info] > git for-each-ref --format=%(refname)%00%(upstream:short)%00%(objectname)%00%(upstream:track)%00%(upstream:remotename)%00%(upstream:remoteref) refs/heads/main refs/remotes/main [5ms]
2025-11-20 11:29:31.142 [info] > git symbolic-ref --short refs/remotes/origin/HEAD [2ms]
2025-11-20 11:29:31.142 [info] fatal: ref refs/remotes/origin/HEAD is not a symbolic ref
2025-11-20 11:29:31.142 [warning] [Repository][getDefaultBranch] Failed to get default branch details: Failed to execute git.
2025-11-20 11:29:31.153 [info] > git status -z -uall [4ms]
2025-11-20 11:29:31.153 [info] > git merge-base refs/heads/main refs/remotes/origin/main [8ms]
2025-11-20 11:29:31.157 [info] > git for-each-ref --sort -committerdate --format %(refname)%00%(objectname)%00%(*objectname) [5ms]
2025-11-20 11:29:31.164 [info] > git merge-base refs/heads/main refs/remotes/origin/main [3ms]
2025-11-20 11:29:31.167 [info] > git diff --name-status -z --diff-filter=ADMR --find-renames=50% 59bbf842e8adb0c93cdcf1c55a2e0bf5462745cd...refs/remotes/origin/main -- [11ms]
2025-11-20 11:29:31.169 [info] > git diff --name-status -z --diff-filter=ADMR --find-renames=50% 59bbf842e8adb0c93cdcf1c55a2e0bf5462745cd...refs/remotes/origin/main -- [2ms]
2025-11-20 11:29:31.566 [info] > git check-ignore -v -z --stdin [7ms]
2025-11-20 11:29:31.782 [info] > git show --textconv :variables.sh [7ms]
2025-11-20 11:29:31.784 [info] > git ls-files --stage -- variables.sh [3ms]
2025-11-20 11:29:31.792 [info] > git cat-file -s ee6850c072a86dcba945946a1355cdb02c627b22 [2ms]
2025-11-20 11:29:32.188 [info] > git blame --root --incremental 59bbf842e8adb0c93cdcf1c55a2e0bf5462745cd -- variables.sh [2ms]
2025-11-20 11:29:45.195 [info] > git config --get commit.template [2ms]
2025-11-20 11:29:45.204 [info] > git for-each-ref --format=%(refname)%00%(upstream:short)%00%(objectname)%00%(upstream:track)%00%(upstream:remotename)%00%(upstream:remoteref) refs/heads/main refs/remotes/main [3ms]
2025-11-20 11:29:45.217 [info] > git status -z -uall [6ms]
2025-11-20 11:29:45.219 [info] > git for-each-ref --sort -committerdate --format %(refname)%00%(objectname)%00%(*objectname) [3ms]
